<?xml version="1.0" encoding="UTF-8"?>
<!-- Generated by org.testng.reporters.JUnitXMLReporter -->
<testsuite ignored="0" hostname="DESKTOP-SP559S6" failures="0" tests="6" name="AddToCart" time="132.795" errors="0" timestamp="2021-09-05T20:49:02 ICT">
  <testcase classname="com.oleti.tests.CheckOutCart" name="searchProduct" time="3.732"/>
  <testcase classname="com.oleti.tests.CheckOutCart" name="filterProductWithScreenSize4455" time="17.459"/>
  <testcase classname="com.oleti.tests.CheckOutCart" name="addProduct4455ScreenSizeToCart" time="31.289"/>
  <testcase classname="com.oleti.tests.CheckOutCart" name="filterProductWithScreenSize3243" time="18.011"/>
  <testcase classname="com.oleti.tests.CheckOutCart" name="addProduct3243inchitemToCart" time="32.209"/>
  <testcase classname="com.oleti.tests.CheckOutCart" name="verifyItemsInCart" time="20.799"/>
</testsuite> <!-- AddToCart -->
