<?xml version="1.0" encoding="UTF-8"?>
<!-- Generated by org.testng.reporters.JUnitXMLReporter -->
<testsuite ignored="0" hostname="DESKTOP-SP559S6" failures="0" tests="6" name="Default test" time="145.303" errors="0" timestamp="2021-09-05T20:44:20 ICT">
  <testcase classname="com.oleti.tests.CheckOutCart" name="searchProduct" time="6.28"/>
  <testcase classname="com.oleti.tests.CheckOutCart" name="filterProductWithScreenSize4455" time="18.697"/>
  <testcase classname="com.oleti.tests.CheckOutCart" name="addProduct4455ScreenSizeToCart" time="31.485"/>
  <testcase classname="com.oleti.tests.CheckOutCart" name="filterProductWithScreenSize3243" time="18.797"/>
  <testcase classname="com.oleti.tests.CheckOutCart" name="addProduct3243inchitemToCart" time="33.403"/>
  <testcase classname="com.oleti.tests.CheckOutCart" name="verifyItemsInCart" time="22.561"/>
</testsuite> <!-- Default test -->
