<?xml version="1.0" encoding="UTF-8"?>
<!-- Generated by org.testng.reporters.JUnitXMLReporter -->
<testsuite ignored="0" hostname="DESKTOP-SP559S6" failures="0" tests="5" name="Default test" time="116.917" errors="0" timestamp="2021-09-05T15:22:08 ICT">
  <testcase classname="com.oleti.tests.CheckOutCart" name="searchProduct" time="4.036"/>
  <testcase classname="com.oleti.tests.CheckOutCart" name="filterProductWithScreenSize4455" time="18.196"/>
  <testcase classname="com.oleti.tests.CheckOutCart" name="addProduct4455ScreenSizeToCart" time="31.854"/>
  <testcase classname="com.oleti.tests.CheckOutCart" name="filterProductWithScreenSize3243" time="17.472"/>
  <testcase classname="com.oleti.tests.CheckOutCart" name="addProduct3243inchitemToCart" time="32.433"/>
</testsuite> <!-- Default test -->
