<?xml version="1.0" encoding="UTF-8"?>
<testng-results ignored="0" total="6" passed="6" failed="0" skipped="0">
  <reporter-output>
  </reporter-output>
  <suite started-at="2021-09-05T20:46:49 ICT" name="Central Assignment" finished-at="2021-09-05T20:49:02 ICT" duration-ms="132795">
    <groups>
    </groups>
    <test started-at="2021-09-05T20:46:49 ICT" name="AddToCart" finished-at="2021-09-05T20:49:02 ICT" duration-ms="132795">
      <class name="com.oleti.tests.CheckOutCart">
        <test-method is-config="true" signature="classLevelSetup()[pri:0, instance:com.oleti.tests.CheckOutCart@a2ddf26]" started-at="2021-09-05T20:46:49 ICT" name="classLevelSetup" finished-at="2021-09-05T20:46:58 ICT" duration-ms="8420" status="PASS">
          <reporter-output>
          </reporter-output>
        </test-method> <!-- classLevelSetup -->
        <test-method is-config="true" signature="methodLevelSetup()[pri:0, instance:com.oleti.tests.CheckOutCart@a2ddf26]" started-at="2021-09-05T20:46:58 ICT" name="methodLevelSetup" finished-at="2021-09-05T20:46:58 ICT" duration-ms="1" status="PASS">
          <reporter-output>
          </reporter-output>
        </test-method> <!-- methodLevelSetup -->
        <test-method signature="searchProduct(java.lang.reflect.Method)[pri:0, instance:com.oleti.tests.CheckOutCart@a2ddf26]" started-at="2021-09-05T20:46:58 ICT" name="searchProduct" description="Search Product TV " finished-at="2021-09-05T20:47:02 ICT" duration-ms="3732" status="PASS">
          <params>
            <param index="0">
              <value>
                <![CDATA[public void com.oleti.tests.CheckOutCart.searchProduct(java.lang.reflect.Method) throws java.lang.InterruptedException]]>
              </value>
            </param>
          </params>
          <reporter-output>
          </reporter-output>
        </test-method> <!-- searchProduct -->
        <test-method is-config="true" signature="methodLevelSetup()[pri:0, instance:com.oleti.tests.CheckOutCart@a2ddf26]" started-at="2021-09-05T20:47:02 ICT" name="methodLevelSetup" finished-at="2021-09-05T20:47:02 ICT" duration-ms="1" status="PASS">
          <reporter-output>
          </reporter-output>
        </test-method> <!-- methodLevelSetup -->
        <test-method signature="filterProductWithScreenSize4455(java.lang.reflect.Method)[pri:0, instance:com.oleti.tests.CheckOutCart@a2ddf26]" started-at="2021-09-05T20:47:02 ICT" name="filterProductWithScreenSize4455" description="Filter the Product with Screen Size and Select First Item" finished-at="2021-09-05T20:47:19 ICT" depends-on-methods="com.oleti.tests.CheckOutCart.searchProduct" duration-ms="17459" status="PASS">
          <params>
            <param index="0">
              <value>
                <![CDATA[public void com.oleti.tests.CheckOutCart.filterProductWithScreenSize4455(java.lang.reflect.Method) throws java.lang.InterruptedException]]>
              </value>
            </param>
          </params>
          <reporter-output>
          </reporter-output>
        </test-method> <!-- filterProductWithScreenSize4455 -->
        <test-method signature="addProduct4455ScreenSizeToCart(java.lang.reflect.Method)[pri:0, instance:com.oleti.tests.CheckOutCart@a2ddf26]" started-at="2021-09-05T20:47:19 ICT" name="addProduct4455ScreenSizeToCart" description="add Product to the cart of 44-55 inches" finished-at="2021-09-05T20:47:50 ICT" depends-on-methods="com.oleti.tests.CheckOutCart.filterProductWithScreenSize4455" duration-ms="31289" status="PASS">
          <params>
            <param index="0">
              <value>
                <![CDATA[public void com.oleti.tests.CheckOutCart.addProduct4455ScreenSizeToCart(java.lang.reflect.Method) throws java.lang.InterruptedException]]>
              </value>
            </param>
          </params>
          <reporter-output>
          </reporter-output>
        </test-method> <!-- addProduct4455ScreenSizeToCart -->
        <test-method is-config="true" signature="methodLevelSetup()[pri:0, instance:com.oleti.tests.CheckOutCart@a2ddf26]" started-at="2021-09-05T20:47:19 ICT" name="methodLevelSetup" finished-at="2021-09-05T20:47:19 ICT" duration-ms="0" status="PASS">
          <reporter-output>
          </reporter-output>
        </test-method> <!-- methodLevelSetup -->
        <test-method is-config="true" signature="methodLevelSetup()[pri:0, instance:com.oleti.tests.CheckOutCart@a2ddf26]" started-at="2021-09-05T20:47:50 ICT" name="methodLevelSetup" finished-at="2021-09-05T20:47:50 ICT" duration-ms="1" status="PASS">
          <reporter-output>
          </reporter-output>
        </test-method> <!-- methodLevelSetup -->
        <test-method signature="filterProductWithScreenSize3243(java.lang.reflect.Method)[pri:0, instance:com.oleti.tests.CheckOutCart@a2ddf26]" started-at="2021-09-05T20:47:50 ICT" name="filterProductWithScreenSize3243" description="Filter the Product with Screen Size 32-43 and Select First Item" finished-at="2021-09-05T20:48:08 ICT" depends-on-methods="com.oleti.tests.CheckOutCart.addProduct4455ScreenSizeToCart" duration-ms="18011" status="PASS">
          <params>
            <param index="0">
              <value>
                <![CDATA[public void com.oleti.tests.CheckOutCart.filterProductWithScreenSize3243(java.lang.reflect.Method) throws java.lang.InterruptedException]]>
              </value>
            </param>
          </params>
          <reporter-output>
          </reporter-output>
        </test-method> <!-- filterProductWithScreenSize3243 -->
        <test-method is-config="true" signature="methodLevelSetup()[pri:0, instance:com.oleti.tests.CheckOutCart@a2ddf26]" started-at="2021-09-05T20:48:08 ICT" name="methodLevelSetup" finished-at="2021-09-05T20:48:08 ICT" duration-ms="0" status="PASS">
          <reporter-output>
          </reporter-output>
        </test-method> <!-- methodLevelSetup -->
        <test-method signature="addProduct3243inchitemToCart(java.lang.reflect.Method)[pri:0, instance:com.oleti.tests.CheckOutCart@a2ddf26]" started-at="2021-09-05T20:48:08 ICT" name="addProduct3243inchitemToCart" description="add Product to the cart of 32-43 inches" finished-at="2021-09-05T20:48:41 ICT" depends-on-methods="com.oleti.tests.CheckOutCart.filterProductWithScreenSize3243" duration-ms="32209" status="PASS">
          <params>
            <param index="0">
              <value>
                <![CDATA[public void com.oleti.tests.CheckOutCart.addProduct3243inchitemToCart(java.lang.reflect.Method) throws java.lang.InterruptedException]]>
              </value>
            </param>
          </params>
          <reporter-output>
          </reporter-output>
        </test-method> <!-- addProduct3243inchitemToCart -->
        <test-method is-config="true" signature="methodLevelSetup()[pri:0, instance:com.oleti.tests.CheckOutCart@a2ddf26]" started-at="2021-09-05T20:48:41 ICT" name="methodLevelSetup" finished-at="2021-09-05T20:48:41 ICT" duration-ms="0" status="PASS">
          <reporter-output>
          </reporter-output>
        </test-method> <!-- methodLevelSetup -->
        <test-method signature="verifyItemsInCart()[pri:0, instance:com.oleti.tests.CheckOutCart@a2ddf26]" started-at="2021-09-05T20:48:41 ICT" name="verifyItemsInCart" description="Verify Items in Cart" finished-at="2021-09-05T20:49:01 ICT" depends-on-methods="com.oleti.tests.CheckOutCart.addProduct3243inchitemToCart" duration-ms="20799" status="PASS">
          <reporter-output>
          </reporter-output>
        </test-method> <!-- verifyItemsInCart -->
        <test-method is-config="true" signature="teardown()[pri:0, instance:com.oleti.tests.CheckOutCart@a2ddf26]" started-at="2021-09-05T20:49:01 ICT" name="teardown" finished-at="2021-09-05T20:49:02 ICT" duration-ms="735" status="PASS">
          <reporter-output>
          </reporter-output>
        </test-method> <!-- teardown -->
      </class> <!-- com.oleti.tests.CheckOutCart -->
    </test> <!-- AddToCart -->
  </suite> <!-- Central Assignment -->
</testng-results>
