<?xml version="1.0" encoding="UTF-8"?>
<testng-results ignored="0" total="5" passed="5" failed="0" skipped="0">
  <reporter-output>
  </reporter-output>
  <suite started-at="2021-09-05T15:20:11 ICT" name="Default suite" finished-at="2021-09-05T15:22:08 ICT" duration-ms="116917">
    <groups>
    </groups>
    <test started-at="2021-09-05T15:20:11 ICT" name="Default test" finished-at="2021-09-05T15:22:08 ICT" duration-ms="116917">
      <class name="com.oleti.tests.CheckOutCart">
        <test-method is-config="true" signature="classLevelSetup()[pri:0, instance:com.oleti.tests.CheckOutCart@10afe71a]" started-at="2021-09-05T15:20:11 ICT" name="classLevelSetup" finished-at="2021-09-05T15:20:24 ICT" duration-ms="12801" status="PASS">
          <reporter-output>
          </reporter-output>
        </test-method> <!-- classLevelSetup -->
        <test-method is-config="true" signature="methodLevelSetup()[pri:0, instance:com.oleti.tests.CheckOutCart@10afe71a]" started-at="2021-09-05T15:20:24 ICT" name="methodLevelSetup" finished-at="2021-09-05T15:20:24 ICT" duration-ms="1" status="PASS">
          <reporter-output>
          </reporter-output>
        </test-method> <!-- methodLevelSetup -->
        <test-method signature="searchProduct(java.lang.reflect.Method)[pri:0, instance:com.oleti.tests.CheckOutCart@10afe71a]" started-at="2021-09-05T15:20:24 ICT" name="searchProduct" description="Search Product TV " finished-at="2021-09-05T15:20:28 ICT" duration-ms="4036" status="PASS">
          <params>
            <param index="0">
              <value>
                <![CDATA[public void com.oleti.tests.CheckOutCart.searchProduct(java.lang.reflect.Method) throws java.lang.InterruptedException]]>
              </value>
            </param>
          </params>
          <reporter-output>
          </reporter-output>
        </test-method> <!-- searchProduct -->
        <test-method is-config="true" signature="methodLevelSetup()[pri:0, instance:com.oleti.tests.CheckOutCart@10afe71a]" started-at="2021-09-05T15:20:28 ICT" name="methodLevelSetup" finished-at="2021-09-05T15:20:28 ICT" duration-ms="0" status="PASS">
          <reporter-output>
          </reporter-output>
        </test-method> <!-- methodLevelSetup -->
        <test-method signature="filterProductWithScreenSize4455(java.lang.reflect.Method)[pri:0, instance:com.oleti.tests.CheckOutCart@10afe71a]" started-at="2021-09-05T15:20:28 ICT" name="filterProductWithScreenSize4455" description="Filter the Product with Screen Size and Select First Item" finished-at="2021-09-05T15:20:46 ICT" depends-on-methods="com.oleti.tests.CheckOutCart.searchProduct" duration-ms="18196" status="PASS">
          <params>
            <param index="0">
              <value>
                <![CDATA[public void com.oleti.tests.CheckOutCart.filterProductWithScreenSize4455(java.lang.reflect.Method) throws java.lang.InterruptedException]]>
              </value>
            </param>
          </params>
          <reporter-output>
          </reporter-output>
        </test-method> <!-- filterProductWithScreenSize4455 -->
        <test-method signature="addProduct4455ScreenSizeToCart(java.lang.reflect.Method)[pri:0, instance:com.oleti.tests.CheckOutCart@10afe71a]" started-at="2021-09-05T15:20:46 ICT" name="addProduct4455ScreenSizeToCart" description="add Product to the cart of 44-55 inches" finished-at="2021-09-05T15:21:18 ICT" depends-on-methods="com.oleti.tests.CheckOutCart.filterProductWithScreenSize4455" duration-ms="31854" status="PASS">
          <params>
            <param index="0">
              <value>
                <![CDATA[public void com.oleti.tests.CheckOutCart.addProduct4455ScreenSizeToCart(java.lang.reflect.Method) throws java.lang.InterruptedException]]>
              </value>
            </param>
          </params>
          <reporter-output>
          </reporter-output>
        </test-method> <!-- addProduct4455ScreenSizeToCart -->
        <test-method is-config="true" signature="methodLevelSetup()[pri:0, instance:com.oleti.tests.CheckOutCart@10afe71a]" started-at="2021-09-05T15:20:46 ICT" name="methodLevelSetup" finished-at="2021-09-05T15:20:46 ICT" duration-ms="0" status="PASS">
          <reporter-output>
          </reporter-output>
        </test-method> <!-- methodLevelSetup -->
        <test-method is-config="true" signature="methodLevelSetup()[pri:0, instance:com.oleti.tests.CheckOutCart@10afe71a]" started-at="2021-09-05T15:21:18 ICT" name="methodLevelSetup" finished-at="2021-09-05T15:21:18 ICT" duration-ms="1" status="PASS">
          <reporter-output>
          </reporter-output>
        </test-method> <!-- methodLevelSetup -->
        <test-method signature="filterProductWithScreenSize3243(java.lang.reflect.Method)[pri:0, instance:com.oleti.tests.CheckOutCart@10afe71a]" started-at="2021-09-05T15:21:18 ICT" name="filterProductWithScreenSize3243" description="Filter the Product with Screen Size 32-43 and Select First Item" finished-at="2021-09-05T15:21:35 ICT" depends-on-methods="com.oleti.tests.CheckOutCart.addProduct4455ScreenSizeToCart" duration-ms="17472" status="PASS">
          <params>
            <param index="0">
              <value>
                <![CDATA[public void com.oleti.tests.CheckOutCart.filterProductWithScreenSize3243(java.lang.reflect.Method) throws java.lang.InterruptedException]]>
              </value>
            </param>
          </params>
          <reporter-output>
          </reporter-output>
        </test-method> <!-- filterProductWithScreenSize3243 -->
        <test-method is-config="true" signature="methodLevelSetup()[pri:0, instance:com.oleti.tests.CheckOutCart@10afe71a]" started-at="2021-09-05T15:21:35 ICT" name="methodLevelSetup" finished-at="2021-09-05T15:21:35 ICT" duration-ms="0" status="PASS">
          <reporter-output>
          </reporter-output>
        </test-method> <!-- methodLevelSetup -->
        <test-method signature="addProduct3243inchitemToCart(java.lang.reflect.Method)[pri:0, instance:com.oleti.tests.CheckOutCart@10afe71a]" started-at="2021-09-05T15:21:35 ICT" name="addProduct3243inchitemToCart" description="add Product to the cart of 32-43 inches" finished-at="2021-09-05T15:22:08 ICT" depends-on-methods="com.oleti.tests.CheckOutCart.filterProductWithScreenSize3243" duration-ms="32433" status="PASS">
          <params>
            <param index="0">
              <value>
                <![CDATA[public void com.oleti.tests.CheckOutCart.addProduct3243inchitemToCart(java.lang.reflect.Method) throws java.lang.InterruptedException]]>
              </value>
            </param>
          </params>
          <reporter-output>
          </reporter-output>
        </test-method> <!-- addProduct3243inchitemToCart -->
        <test-method is-config="true" signature="teardown()[pri:0, instance:com.oleti.tests.CheckOutCart@10afe71a]" started-at="2021-09-05T15:22:08 ICT" name="teardown" finished-at="2021-09-05T15:22:08 ICT" duration-ms="1" status="PASS">
          <reporter-output>
          </reporter-output>
        </test-method> <!-- teardown -->
      </class> <!-- com.oleti.tests.CheckOutCart -->
    </test> <!-- Default test -->
  </suite> <!-- Default suite -->
</testng-results>
